{"level":"info","message":"[ModelManager] Add schema APP","timestamp":"2014-08-20T13:39:28.729Z"}
{"level":"info","message":"[app] Express server listening on port 3000","timestamp":"2014-08-20T13:39:29.282Z"}
{"level":"info","message":"[ModelManager] Add schema USER","timestamp":"2014-08-20T13:39:28.730Z"}
{"level":"info","message":"[ModelManager] Add schema USER_ATTR","timestamp":"2014-08-20T13:39:28.730Z"}
{"level":"info","message":"[ModelManager] Add schema APP_USER_ATTR","timestamp":"2014-08-20T13:39:28.730Z"}
{"level":"info","message":"[ModelManager] Looking for model MAIN of schema APP","timestamp":"2014-08-20T13:39:28.730Z"}
{"level":"warn","message":"[ModelManager] Could not find model: APP-MAIN, auto-create it","timestamp":"2014-08-20T13:39:28.731Z"}
{"level":"info","message":"[ModelManager] Looking for model MAIN of schema USER","timestamp":"2014-08-20T13:39:28.732Z"}
{"level":"warn","message":"[ModelManager] Could not find model: USER-MAIN, auto-create it","timestamp":"2014-08-20T13:39:28.732Z"}
{"level":"info","message":"[ModelManager] Looking for model MAIN of schema USER_ATTR","timestamp":"2014-08-20T13:39:28.733Z"}
{"level":"warn","message":"[ModelManager] Could not find model: USER_ATTR-MAIN, auto-create it","timestamp":"2014-08-20T13:39:28.733Z"}
{"level":"info","message":"[db] connected to db mongodb://test:test@ds031319.mongolab.com:31319/certifoto","timestamp":"2014-08-20T13:39:29.800Z"}
{"level":"error","message":"[db] Not found","timestamp":"2014-08-20T13:41:50.230Z"}
{"level":"error","message":"[db] Not found","timestamp":"2014-08-20T13:42:03.455Z"}
{"level":"error","message":"[db] Not found","timestamp":"2014-08-20T13:45:58.636Z"}
{"level":"error","message":"[db] Not found","timestamp":"2014-08-20T13:49:07.984Z"}
{"level":"error","message":"[db] Not found","timestamp":"2014-08-20T13:49:10.791Z"}
{"level":"error","message":"[db] Not found","timestamp":"2014-08-20T13:51:11.403Z"}
{"level":"error","message":"[db] Not found","timestamp":"2014-08-20T14:18:57.867Z"}
{"level":"error","message":"[db] Not found","timestamp":"2014-08-20T14:19:19.042Z"}
{"level":"error","message":"[db] Not found","timestamp":"2014-08-20T14:21:04.038Z"}
{"level":"error","message":"[db] Not found","timestamp":"2014-08-20T14:21:49.130Z"}
{"level":"error","message":"[db] Not found","timestamp":"2014-08-20T14:22:15.674Z"}
{"level":"error","message":"[db] Not found","timestamp":"2014-08-20T14:24:03.694Z"}
{"level":"error","message":"[db] Not found","timestamp":"2014-08-20T14:24:35.687Z"}
{"level":"error","message":"[db] Not found","timestamp":"2014-08-20T14:24:57.534Z"}
{"level":"error","message":"[testAPI] [object Object]","timestamp":"2014-08-20T14:25:35.075Z"}
{"level":"error","message":"[db] Not found","timestamp":"2014-08-20T14:25:36.808Z"}
{"level":"error","message":"[db] Not found","timestamp":"2014-08-20T14:27:41.415Z"}
{"level":"error","message":"[db] Not found","timestamp":"2014-08-20T14:28:10.954Z"}
{"level":"error","message":"[db] Not found","timestamp":"2014-08-20T15:10:42.638Z"}
{"level":"error","message":"[db] Not found","timestamp":"2014-08-20T15:11:04.881Z"}
{"level":"error","message":"[db] Not found","timestamp":"2014-08-20T15:12:43.950Z"}
{"level":"error","message":"[db] Not found","timestamp":"2014-08-20T15:13:14.292Z"}
{"level":"error","message":"[db] Not found","timestamp":"2014-08-20T15:14:34.749Z"}
{"level":"error","message":"[db] Not found","timestamp":"2014-08-20T15:14:57.220Z"}
{"level":"error","message":"[db] Not found","timestamp":"2014-08-20T15:15:10.153Z"}
{"level":"error","message":"[db] Not found","timestamp":"2014-08-20T18:56:28.003Z"}
{"level":"error","message":"[db] Not found","timestamp":"2014-08-20T18:59:16.853Z"}
{"level":"error","message":"[db] Not found","timestamp":"2014-08-20T18:59:18.092Z"}
{"level":"error","message":"[db] Not found","timestamp":"2014-08-20T18:59:23.785Z"}
{"level":"error","message":"[db] Not found","timestamp":"2014-08-20T19:22:56.934Z"}
{"level":"error","message":"[db] Not found","timestamp":"2014-08-20T19:23:21.972Z"}
{"level":"error","message":"[db] Not found","timestamp":"2014-08-20T19:23:42.154Z"}
{"level":"error","message":"[db] Not found","timestamp":"2014-08-20T19:24:58.836Z"}
{"level":"error","message":"[db] Not found","timestamp":"2014-08-20T19:27:47.106Z"}
{"level":"error","message":"[db] Not found","timestamp":"2014-08-20T19:29:43.903Z"}
{"level":"error","message":"[db] Not found","timestamp":"2014-08-20T19:30:48.889Z"}
{"level":"error","message":"[db] Not found","timestamp":"2014-08-20T19:31:47.702Z"}
{"level":"error","message":"[db] Not found","timestamp":"2014-08-20T19:33:29.042Z"}
{"level":"error","message":"[db] Not found","timestamp":"2014-08-20T19:35:51.293Z"}
{"level":"error","message":"[db] Not found","timestamp":"2014-08-20T19:36:46.142Z"}
{"level":"error","message":"[db] Not found","timestamp":"2014-08-20T19:38:20.174Z"}
{"level":"error","message":"[db] Not found","timestamp":"2014-08-20T19:39:00.150Z"}
{"level":"error","message":"[db] Not found","timestamp":"2014-08-20T19:39:17.645Z"}
{"level":"error","message":"[db] Not found","timestamp":"2014-08-20T19:40:17.277Z"}
{"level":"error","message":"[db] Not found","timestamp":"2014-08-20T19:41:00.539Z"}
{"level":"error","message":"[db] Not found","timestamp":"2014-08-20T19:42:34.302Z"}
{"level":"error","message":"[db] Not found","timestamp":"2014-08-20T19:57:22.409Z"}
{"level":"error","message":"[db] Not found","timestamp":"2014-08-20T19:57:36.755Z"}
{"level":"error","message":"[db] Not found","timestamp":"2014-08-20T19:58:15.596Z"}
{"level":"error","message":"[db] Not found","timestamp":"2014-08-20T19:58:40.644Z"}
{"level":"error","message":"[db] Not found","timestamp":"2014-08-20T19:59:49.204Z"}
{"level":"error","message":"[db] Not found","timestamp":"2014-08-20T20:14:18.744Z"}
{"level":"error","message":"[db] Not found","timestamp":"2014-08-20T20:14:26.500Z"}
{"level":"error","message":"[db] Not found","timestamp":"2014-08-20T22:04:22.257Z"}
{"level":"error","message":"[db] Not found","timestamp":"2014-08-20T22:05:17.770Z"}
{"level":"error","message":"[db] Not found","timestamp":"2014-08-20T22:05:45.207Z"}
{"level":"error","message":"[db] Not found","timestamp":"2014-08-20T22:05:54.268Z"}
{"level":"error","message":"[db] Not found","timestamp":"2014-08-20T22:06:08.107Z"}
{"level":"error","message":"[db] Not found","timestamp":"2014-08-20T22:07:29.055Z"}
{"level":"error","message":"[db] Not found","timestamp":"2014-08-20T22:09:28.255Z"}
{"level":"error","message":"[db] Not found","timestamp":"2014-08-20T22:10:04.085Z"}
{"level":"error","message":"[db] Not found","timestamp":"2014-08-20T22:13:11.137Z"}
{"level":"error","message":"[db] Not found","timestamp":"2014-08-20T22:53:19.546Z"}
{"level":"error","message":"[db] Not found","timestamp":"2014-08-20T22:55:52.915Z"}
{"level":"error","message":"[db] Not found","timestamp":"2014-08-20T22:57:57.135Z"}
{"level":"error","message":"[db] Not found","timestamp":"2014-08-20T22:59:53.819Z"}
{"level":"error","message":"[db] Not found","timestamp":"2014-08-20T23:01:49.573Z"}
{"level":"error","message":"[db] Not found","timestamp":"2014-08-20T23:05:35.756Z"}
{"level":"error","message":"[db] Not found","timestamp":"2014-08-20T23:09:19.403Z"}
{"level":"error","message":"[db] Not found","timestamp":"2014-08-20T23:11:57.071Z"}
{"level":"error","message":"[db] Not found","timestamp":"2014-08-20T23:17:55.605Z"}
{"level":"error","message":"[db] Not found","timestamp":"2014-08-20T23:19:21.212Z"}
{"level":"error","message":"[db] Not found","timestamp":"2014-08-20T23:35:42.358Z"}
{"level":"error","message":"[db] Not found","timestamp":"2014-08-20T23:38:13.034Z"}
{"level":"error","message":"[db] Not found","timestamp":"2014-08-20T23:38:47.939Z"}
{"level":"error","message":"[db] Not found","timestamp":"2014-08-20T23:40:11.858Z"}
{"level":"error","message":"[db] Not found","timestamp":"2014-08-20T23:40:17.249Z"}
{"level":"error","message":"[db] Not found","timestamp":"2014-08-20T23:48:08.687Z"}
{"level":"error","message":"[db] Not found","timestamp":"2014-08-20T23:48:35.914Z"}
{"level":"error","message":"[db] Not found","timestamp":"2014-08-20T23:50:43.717Z"}
{"level":"error","message":"[db] Not found","timestamp":"2014-08-20T23:51:39.921Z"}
{"level":"error","message":"[db] Not found","timestamp":"2014-08-20T23:52:04.661Z"}
{"level":"error","message":"[db] Not found","timestamp":"2014-08-20T23:52:39.450Z"}
{"level":"error","message":"[db] Not found","timestamp":"2014-08-20T23:53:22.150Z"}
{"level":"error","message":"[db] Not found","timestamp":"2014-08-20T23:54:26.890Z"}
{"level":"error","message":"[db] Not found","timestamp":"2014-08-20T23:55:35.328Z"}
{"level":"error","message":"[db] Not found","timestamp":"2014-08-21T00:22:27.394Z"}
{"level":"error","message":"[db] Not found","timestamp":"2014-08-21T00:22:36.657Z"}
{"level":"error","message":"[db] Not found","timestamp":"2014-08-21T10:01:26.008Z"}
{"level":"error","message":"[db] Not found","timestamp":"2014-08-21T10:01:38.261Z"}
